<?xml version="1.0" encoding="UTF-8"?>
<testsuite name="ConverterTest" tests="1" skipped="0" failures="0" errors="0" timestamp="2020-09-19T21:05:08" hostname="4dempanchuk.local" time="0.395">
  <properties/>
  <testcase name="start" classname="ConverterTest" time="0.395"/>
  <system-out><![CDATA[?[1;31m
Start test 1?[0m
Input:
> a b
Output:
error
?[1;31m
Start test 2?[0m
Input:
> 11
> abc
Output:
error
?[1;31m
Start test 3?[0m
Input:
> 11
> 1
> das
Output:
error
?[1;31m
Start test 4?[0m
Input:
> 0
> 1
> das
Output:
error
?[1;31m
Start test 5?[0m
Input:
> 37
> 1
> das
Output:
error
?[1;31m
Start test 6?[0m
Input:
> 36
> 1
> 0
Output:
error
?[1;31m
Start test 7?[0m
Input:
> 36
> 1
> 37
Output:
error
?[1;31m
Start test 8?[0m
Input:
> c
Output:
error
?[1;31m
Start test 9?[0m
Input:
> 12
> bc
Output:
error
?[1;31m
Start test 10?[0m
Input:
> 12
> 1
> hf
Output:
error
?[1;31m
Start test 11?[0m
Input:
> 0
> 2
> hf
Output:
error
?[1;31m
Start test 12?[0m
Input:
> 37
> 2
> hf
Output:
error
?[1;31m
Start test 13?[0m
Input:
> 14
> 2
> -1
Output:
error
?[1;31m
Start test 14?[0m
Input:
> 14
> 2
> 38
Output:
error
?[1;31m
Start test 15?[0m
Input:
> 10
> 0.234
> 7
Output:
0.14315
?[1;31m
Start test 16?[0m
Input:
> 10
> 10.234
> 7
Output:
13.14315
?[1;31m
Start test 17?[0m
Input:
> 6
> 2
> 1
Output:
11
?[1;31m
Start test 18?[0m
Input:
> 35
> af.xy
> 17
Output:
148.g88a8
?[1;31m
Start test 19?[0m
Input:
> 10
> 11
> 2
Output:
1011
?[1;31m
Start test 20?[0m
Input:
> 16
> aaaaa.0
> 24
Output:
22df2.00000
?[1;31m
Start test 21?[0m
Input:
> 16
> 0.cdefb
> 24
Output:
0.j78da
?[1;31m
Start test 22?[0m
Input:
> 16
> aaaaa.cdefb
> 24
Output:
22df2.j78da
?[1;31m
Start test 23?[0m
Input:
> 10
> 0.2340
> 7
Output:
0.14315
?[1;31m
Start test 24?[0m
Input:
> 10
> 10.2340
> 7
Output:
13.14315
?[1;31m
Start test 25?[0m
Input:
> 6
> 2
> 1
Output:
11
?[1;31m
Start test 26?[0m
Input:
> 35
> af.xy0
> 17
Output:
148.g88a8
?[1;31m
Start test 27?[0m
Input:
> 10
> 12
> 2
Output:
1100
?[1;31m
Start test 28?[0m
Input:
> 16
> aaaaa.00
> 24
Output:
22df2.00000
?[1;31m
Start test 29?[0m
Input:
> 16
> 0.cdefb0
> 24
Output:
0.j78da
?[1;31m
Start test 30?[0m
Input:
> 16
> aaaaa.cdefb0
> 24
Output:
22df2.j78da
?[1;31m
Start test 31?[0m
Input:
> 10
> 11
> 2
Output:
1011
?[1;31m
Start test 32?[0m
Input:
> 1
> 11111
> 10
Output:
5
?[1;31m
Start test 33?[0m
Input:
> 10
> 1000
> 36
Output:
rs
?[1;31m
Start test 34?[0m
Input:
> 21
> 4242
> 6
Output:
451552
?[1;31m
Start test 35?[0m
Input:
> 7
> 12
> 11
Output:
9
?[1;31m
Start test 36?[0m
Input:
> 5
> 300
> 10
Output:
75
?[1;31m
Start test 37?[0m
Input:
> 1
> 11111
> 5
Output:
10
?[1;31m
Start test 38?[0m
Input:
> 10
> 4
> 1
Output:
1111
?[1;31m
Start test 39?[0m
Input:
> 10
> 12
> 2
Output:
1100
?[1;31m
Start test 40?[0m
Input:
> 1
> 1111111
> 10
Output:
7
?[1;31m
Start test 41?[0m
Input:
> 10
> 1001
> 36
Output:
rt
?[1;31m
Start test 42?[0m
Input:
> 21
> 4243
> 6
Output:
451553
?[1;31m
Start test 43?[0m
Input:
> 7
> 13
> 11
Output:
a
?[1;31m
Start test 44?[0m
Input:
> 5
> 301
> 10
Output:
76
?[1;31m
Start test 45?[0m
Input:
> 1
> 111111
> 5
Output:
11
?[1;31m
Start test 46?[0m
Input:
> 10
> 5
> 1
Output:
11111
]]></system-out>
  <system-err><![CDATA[]]></system-err>
</testsuite>
